============================= test session starts =============================
platform win32 -- Python 3.8.3, pytest-6.2.1, py-1.10.0, pluggy-0.13.1
rootdir: D:\Python_Learning_Repository\learn_python_forever\pytest\excercises\test
collected 5 items

test_operation.py .....                                                  [100%]

============================== 5 passed in 0.06s ==============================
============================= test session starts =============================
platform win32 -- Python 3.8.3, pytest-6.2.1, py-1.10.0, pluggy-0.13.1 -- c:\users\ajey\appdata\local\programs\python\python38-32\python.exe
cachedir: .pytest_cache
rootdir: D:\Python_Learning_Repository\learn_python_forever\pytest\excercises\test
collecting ... collected 5 items

test_operation.py::test_add_num PASSED                                   [ 20%]
test_operation.py::test_sub_num PASSED                                   [ 40%]
test_operation.py::test_mul_num PASSED                                   [ 60%]
test_operation.py::test_div_num PASSED                                   [ 80%]
test_operation.py::test_odd_even PASSED                                  [100%]

============================== 5 passed in 0.05s ==============================
